<?xml version="1.0" encoding="UTF-8"?>
<!-- Generated by org.testng.reporters.JUnitReportReporter -->
<testsuite hostname="aninditas-mbp2.lan" failures="0" tests="1" name="com.enterprise.BaseTest" time="6.511" errors="0" timestamp="1 Sep 2021 15:14:00 GMT">
  <testcase classname="com.enterprise.BaseTest" name="baseTestNav" time="6.511"/>
</testsuite> <!-- com.enterprise.BaseTest -->
